0 info it worked if it ends with ok
1 verbose cli [ '/usr/lib/nodejs/node-v6.9.5-linux-x64/bin/node',
1 verbose cli   '/usr/bin/npm',
1 verbose cli   'run',
1 verbose cli   'dev' ]
2 info using npm@3.10.10
3 info using node@v6.9.5
4 verbose run-script [ 'predev', 'dev', 'postdev' ]
5 info lifecycle tree-tag@1.0.0~predev: tree-tag@1.0.0
6 silly lifecycle tree-tag@1.0.0~predev: no script for predev, continuing
7 info lifecycle tree-tag@1.0.0~dev: tree-tag@1.0.0
8 verbose lifecycle tree-tag@1.0.0~dev: unsafe-perm in lifecycle true
9 verbose lifecycle tree-tag@1.0.0~dev: PATH: /usr/lib/nodejs/node-v6.9.5-linux-x64/lib/node_modules/npm/bin/node-gyp-bin:/home/jba/dev/treeTag/node_modules/.bin:/usr/lib/nodejs/node-v6.9.5-linux-x64/bin:/usr/local/bin:/usr/bin:/bin:/usr/local/games:/usr/games
10 verbose lifecycle tree-tag@1.0.0~dev: CWD: /home/jba/dev/treeTag
11 silly lifecycle tree-tag@1.0.0~dev: Args: [ '-c',
11 silly lifecycle   'webpack-dev-server --config config/webpack.config.dev.js --hot --inline' ]
12 silly lifecycle tree-tag@1.0.0~dev: Returned: code: 1  signal: null
13 info lifecycle tree-tag@1.0.0~dev: Failed to exec dev script
14 verbose stack Error: tree-tag@1.0.0 dev: `webpack-dev-server --config config/webpack.config.dev.js --hot --inline`
14 verbose stack Exit status 1
14 verbose stack     at EventEmitter.<anonymous> (/usr/lib/nodejs/node-v6.9.5-linux-x64/lib/node_modules/npm/lib/utils/lifecycle.js:255:16)
14 verbose stack     at emitTwo (events.js:106:13)
14 verbose stack     at EventEmitter.emit (events.js:191:7)
14 verbose stack     at ChildProcess.<anonymous> (/usr/lib/nodejs/node-v6.9.5-linux-x64/lib/node_modules/npm/lib/utils/spawn.js:40:14)
14 verbose stack     at emitTwo (events.js:106:13)
14 verbose stack     at ChildProcess.emit (events.js:191:7)
14 verbose stack     at maybeClose (internal/child_process.js:877:16)
14 verbose stack     at Process.ChildProcess._handle.onexit (internal/child_process.js:226:5)
15 verbose pkgid tree-tag@1.0.0
16 verbose cwd /home/jba/dev/treeTag
17 error Linux 4.9.0-5-amd64
18 error argv "/usr/lib/nodejs/node-v6.9.5-linux-x64/bin/node" "/usr/bin/npm" "run" "dev"
19 error node v6.9.5
20 error npm  v3.10.10
21 error code ELIFECYCLE
22 error tree-tag@1.0.0 dev: `webpack-dev-server --config config/webpack.config.dev.js --hot --inline`
22 error Exit status 1
23 error Failed at the tree-tag@1.0.0 dev script 'webpack-dev-server --config config/webpack.config.dev.js --hot --inline'.
23 error Make sure you have the latest version of node.js and npm installed.
23 error If you do, this is most likely a problem with the tree-tag package,
23 error not with npm itself.
23 error Tell the author that this fails on your system:
23 error     webpack-dev-server --config config/webpack.config.dev.js --hot --inline
23 error You can get information on how to open an issue for this project with:
23 error     npm bugs tree-tag
23 error Or if that isn't available, you can get their info via:
23 error     npm owner ls tree-tag
23 error There is likely additional logging output above.
24 verbose exit [ 1, true ]
